# JRE version: Java(TM) SE Runtime Environment (15.0.1+9) (build 15.0.1+9-18)
# Java VM: Java HotSpot(TM) 64-Bit Server VM (15.0.1+9-18, mixed mode, sharing, tiered, compressed oops, g1 gc, windows-amd64)
GC Precious Log:
 CPUs: 4 total, 4 available
 Memory: 7113M
 Large Page Support: Disabled
 NUMA Support: Disabled
 Compressed Oops: Enabled (32-bit)
 Heap Region Size: 1M
 Heap Min Capacity: 8M
 Heap Initial Capacity: 112M
 Heap Max Capacity: 1780M
 Pre-touch: Disabled
 Parallel Workers: 4
 Concurrent Workers: 1
 Concurrent Refinement Workers: 4
 Periodic GC: Disabled
Heap:
 garbage-first heap   total 375808K, used 112007K [0x0000000090c00000, 0x0000000100000000)
  region size 1024K, 3 young (3072K), 3 survivors (3072K)
 Metaspace       used 4291K, capacity 6790K, committed 6912K, reserved 1056768K
  class space    used 480K, capacity 754K, committed 768K, reserved 1048576K
GC Heap History (20 events):
Event: 0.822 GC heap after
{Heap after GC invocations=2 (full 0):
 garbage-first heap   total 114688K, used 19581K [0x0000000090c00000, 0x0000000100000000)
  region size 1024K, 2 young (2048K), 2 survivors (2048K)
 Metaspace       used 3889K, capacity 6790K, committed 6912K, reserved 1056768K
  class space    used 444K, capacity 754K, committed 768K, reserved 1048576K
}
Event: 0.830 GC heap before
{Heap before GC invocations=2 (full 0):
 garbage-first heap   total 114688K, used 33917K [0x0000000090c00000, 0x0000000100000000)
  region size 1024K, 17 young (17408K), 2 survivors (2048K)
 Metaspace       used 3903K, capacity 6790K, committed 6912K, reserved 1056768K
  class space    used 445K, capacity 754K, committed 768K, reserved 1048576K
}
Event: 0.844 GC heap after
{Heap after GC invocations=3 (full 0):
 garbage-first heap   total 114688K, used 34755K [0x0000000090c00000, 0x0000000100000000)
  region size 1024K, 3 young (3072K), 3 survivors (3072K)
 Metaspace       used 3903K, capacity 6790K, committed 6912K, reserved 1056768K
  class space    used 445K, capacity 754K, committed 768K, reserved 1048576K
}
Event: 0.851 GC heap before
{Heap before GC invocations=3 (full 0):
 garbage-first heap   total 114688K, used 54211K [0x0000000090c00000, 0x0000000100000000)
  region size 1024K, 23 young (23552K), 3 survivors (3072K)
 Metaspace       used 3905K, capacity 6790K, committed 6912K, reserved 1056768K
  class space    used 446K, capacity 754K, committed 768K, reserved 1048576K
}
Event: 0.871 GC heap after
{Heap after GC invocations=4 (full 0):
 garbage-first heap   total 114688K, used 54859K [0x0000000090c00000, 0x0000000100000000)
  region size 1024K, 3 young (3072K), 3 survivors (3072K)
 Metaspace       used 3905K, capacity 6790K, committed 6912K, reserved 1056768K
  class space    used 446K, capacity 754K, committed 768K, reserved 1048576K
}
Event: 0.876 GC heap before
{Heap before GC invocations=4 (full 0):
 garbage-first heap   total 114688K, used 68171K [0x0000000090c00000, 0x0000000100000000)
  region size 1024K, 17 young (17408K), 3 survivors (3072K)
 Metaspace       used 3912K, capacity 6790K, committed 6912K, reserved 1056768K
  class space    used 447K, capacity 754K, committed 768K, reserved 1048576K
}
Event: 0.891 GC heap after
{Heap after GC invocations=5 (full 0):
 garbage-first heap   total 193536K, used 68999K [0x0000000090c00000, 0x0000000100000000)
  region size 1024K, 3 young (3072K), 3 survivors (3072K)
 Metaspace       used 3912K, capacity 6790K, committed 6912K, reserved 1056768K
  class space    used 447K, capacity 754K, committed 768K, reserved 1048576K
}
Event: 0.982 GC heap before
{Heap before GC invocations=6 (full 0):
 garbage-first heap   total 193536K, used 99719K [0x0000000090c00000, 0x0000000100000000)
  region size 1024K, 34 young (34816K), 3 survivors (3072K)
 Metaspace       used 3948K, capacity 6784K, committed 6912K, reserved 1056768K
  class space    used 454K, capacity 752K, committed 768K, reserved 1048576K
}
Event: 1.007 GC heap after
{Heap after GC invocations=7 (full 0):
 garbage-first heap   total 193536K, used 97601K [0x0000000090c00000, 0x0000000100000000)
  region size 1024K, 5 young (5120K), 5 survivors (5120K)
 Metaspace       used 3948K, capacity 6784K, committed 6912K, reserved 1056768K
  class space    used 454K, capacity 752K, committed 768K, reserved 1048576K
}
Event: 1.026 GC heap before
{Heap before GC invocations=7 (full 0):
 garbage-first heap   total 193536K, used 98625K [0x0000000090c00000, 0x0000000100000000)
  region size 1024K, 7 young (7168K), 5 survivors (5120K)
 Metaspace       used 4121K, capacity 6784K, committed 6912K, reserved 1056768K
  class space    used 469K, capacity 752K, committed 768K, reserved 1048576K
}
Event: 1.029 GC heap after
{Heap after GC invocations=8 (full 0):
 garbage-first heap   total 193536K, used 98958K [0x0000000090c00000, 0x0000000100000000)
  region size 1024K, 2 young (2048K), 2 survivors (2048K)
 Metaspace       used 4121K, capacity 6784K, committed 6912K, reserved 1056768K
  class space    used 469K, capacity 752K, committed 768K, reserved 1048576K
}
Event: 1.069 GC heap before
{Heap before GC invocations=9 (full 0):
 garbage-first heap   total 193536K, used 102030K [0x0000000090c00000, 0x0000000100000000)
  region size 1024K, 3 young (3072K), 2 survivors (2048K)
 Metaspace       used 4129K, capacity 6784K, committed 6912K, reserved 1056768K
  class space    used 469K, capacity 752K, committed 768K, reserved 1048576K
}
Event: 1.070 GC heap after
{Heap after GC invocations=10 (full 0):
 garbage-first heap   total 193536K, used 100743K [0x0000000090c00000, 0x0000000100000000)
  region size 1024K, 2 young (2048K), 2 survivors (2048K)
 Metaspace       used 4129K, capacity 6784K, committed 6912K, reserved 1056768K
  class space    used 469K, capacity 752K, committed 768K, reserved 1048576K
}
Event: 1.094 GC heap before
{Heap before GC invocations=11 (full 0):
 garbage-first heap   total 193536K, used 103815K [0x0000000090c00000, 0x0000000100000000)
  region size 1024K, 3 young (3072K), 2 survivors (2048K)
 Metaspace       used 4139K, capacity 6784K, committed 6912K, reserved 1056768K
  class space    used 469K, capacity 752K, committed 768K, reserved 1048576K
}
Event: 1.096 GC heap after
{Heap after GC invocations=12 (full 0):
 garbage-first heap   total 193536K, used 101775K [0x0000000090c00000, 0x0000000100000000)
  region size 1024K, 2 young (2048K), 2 survivors (2048K)
 Metaspace       used 4139K, capacity 6784K, committed 6912K, reserved 1056768K
  class space    used 469K, capacity 752K, committed 768K, reserved 1048576K
}
Event: 1.138 GC heap before
{Heap before GC invocations=13 (full 0):
 garbage-first heap   total 193536K, used 110991K [0x0000000090c00000, 0x0000000100000000)
  region size 1024K, 3 young (3072K), 2 survivors (2048K)
 Metaspace       used 4230K, capacity 6787K, committed 6912K, reserved 1056768K
  class space    used 474K, capacity 753K, committed 768K, reserved 1048576K
}
Event: 1.139 GC heap after
{Heap after GC invocations=14 (full 0):
 garbage-first heap   total 193536K, used 102799K [0x0000000090c00000, 0x0000000100000000)
  region size 1024K, 2 young (2048K), 2 survivors (2048K)
 Metaspace       used 4230K, capacity 6787K, committed 6912K, reserved 1056768K
  class space    used 474K, capacity 753K, committed 768K, reserved 1048576K
}
Event: 1.200 GC heap before
{Heap before GC invocations=15 (full 0):
 garbage-first heap   total 193536K, used 107919K [0x0000000090c00000, 0x0000000100000000)
  region size 1024K, 3 young (3072K), 2 survivors (2048K)
 Metaspace       used 4287K, capacity 6790K, committed 6912K, reserved 1056768K
  class space    used 480K, capacity 754K, committed 768K, reserved 1048576K
}
Event: 1.202 GC heap after
{Heap after GC invocations=16 (full 0):
 garbage-first heap   total 193536K, used 105128K [0x0000000090c00000, 0x0000000100000000)
  region size 1024K, 2 young (2048K), 2 survivors (2048K)
 Metaspace       used 4287K, capacity 6790K, committed 6912K, reserved 1056768K
  class space    used 480K, capacity 754K, committed 768K, reserved 1048576K
}
Event: 1.298 GC heap before
{Heap before GC invocations=17 (full 0):
 garbage-first heap   total 193536K, used 120488K [0x0000000090c00000, 0x0000000100000000)
  region size 1024K, 4 young (4096K), 2 survivors (2048K)
 Metaspace       used 4291K, capacity 6790K, committed 6912K, reserved 1056768K
  class space    used 480K, capacity 754K, committed 768K, reserved 1048576K
}

