# JRE version: Java(TM) SE Runtime Environment (15.0.1+9) (build 15.0.1+9-18)
# Java VM: Java HotSpot(TM) 64-Bit Server VM (15.0.1+9-18, mixed mode, sharing, tiered, compressed oops, g1 gc, windows-amd64)
GC Precious Log:
 CPUs: 4 total, 4 available
 Memory: 7113M
 Large Page Support: Disabled
 NUMA Support: Disabled
 Compressed Oops: Enabled (32-bit)
 Heap Region Size: 1M
 Heap Min Capacity: 8M
 Heap Initial Capacity: 112M
 Heap Max Capacity: 1780M
 Pre-touch: Disabled
 Parallel Workers: 4
 Concurrent Workers: 1
 Concurrent Refinement Workers: 4
 Periodic GC: Disabled
Heap:
 garbage-first heap   total 197632K, used 64675K [0x0000000090c00000, 0x0000000100000000)
  region size 1024K, 3 young (3072K), 3 survivors (3072K)
 Metaspace       used 4123K, capacity 6787K, committed 6912K, reserved 1056768K
  class space    used 469K, capacity 753K, committed 768K, reserved 1048576K
GC Heap History (9 events):
Event: 0.792 GC heap before
{Heap before GC invocations=0 (full 0):
 garbage-first heap   total 114688K, used 13312K [0x0000000090c00000, 0x0000000100000000)
  region size 1024K, 13 young (13312K), 0 survivors (0K)
 Metaspace       used 3823K, capacity 6723K, committed 6912K, reserved 1056768K
  class space    used 440K, capacity 753K, committed 768K, reserved 1048576K
}
Event: 0.802 GC heap after
{Heap after GC invocations=1 (full 0):
 garbage-first heap   total 114688K, used 5259K [0x0000000090c00000, 0x0000000100000000)
  region size 1024K, 2 young (2048K), 2 survivors (2048K)
 Metaspace       used 3823K, capacity 6723K, committed 6912K, reserved 1056768K
  class space    used 440K, capacity 753K, committed 768K, reserved 1048576K
}
Event: 0.810 GC heap before
{Heap before GC invocations=1 (full 0):
 garbage-first heap   total 114688K, used 18571K [0x0000000090c00000, 0x0000000100000000)
  region size 1024K, 16 young (16384K), 2 survivors (2048K)
 Metaspace       used 3837K, capacity 6723K, committed 6912K, reserved 1056768K
  class space    used 441K, capacity 753K, committed 768K, reserved 1048576K
}
Event: 0.825 GC heap after
{Heap after GC invocations=2 (full 0):
 garbage-first heap   total 114688K, used 19315K [0x0000000090c00000, 0x0000000100000000)
  region size 1024K, 2 young (2048K), 2 survivors (2048K)
 Metaspace       used 3837K, capacity 6723K, committed 6912K, reserved 1056768K
  class space    used 441K, capacity 753K, committed 768K, reserved 1048576K
}
Event: 0.836 GC heap before
{Heap before GC invocations=2 (full 0):
 garbage-first heap   total 114688K, used 33651K [0x0000000090c00000, 0x0000000100000000)
  region size 1024K, 17 young (17408K), 2 survivors (2048K)
 Metaspace       used 3915K, capacity 6787K, committed 6912K, reserved 1056768K
  class space    used 448K, capacity 753K, committed 768K, reserved 1048576K
}
Event: 0.850 GC heap after
{Heap after GC invocations=3 (full 0):
 garbage-first heap   total 114688K, used 34162K [0x0000000090c00000, 0x0000000100000000)
  region size 1024K, 3 young (3072K), 3 survivors (3072K)
 Metaspace       used 3915K, capacity 6787K, committed 6912K, reserved 1056768K
  class space    used 448K, capacity 753K, committed 768K, reserved 1048576K
}
Event: 0.862 GC heap before
{Heap before GC invocations=3 (full 0):
 garbage-first heap   total 114688K, used 53618K [0x0000000090c00000, 0x0000000100000000)
  region size 1024K, 23 young (23552K), 3 survivors (3072K)
 Metaspace       used 3919K, capacity 6787K, committed 6912K, reserved 1056768K
  class space    used 448K, capacity 753K, committed 768K, reserved 1048576K
}
Event: 0.882 GC heap after
{Heap after GC invocations=4 (full 0):
 garbage-first heap   total 114688K, used 54379K [0x0000000090c00000, 0x0000000100000000)
  region size 1024K, 3 young (3072K), 3 survivors (3072K)
 Metaspace       used 3919K, capacity 6787K, committed 6912K, reserved 1056768K
  class space    used 448K, capacity 753K, committed 768K, reserved 1048576K
}
Event: 0.926 GC heap before
{Heap before GC invocations=4 (full 0):
 garbage-first heap   total 114688K, used 66667K [0x0000000090c00000, 0x0000000100000000)
  region size 1024K, 17 young (17408K), 3 survivors (3072K)
 Metaspace       used 4123K, capacity 6787K, committed 6912K, reserved 1056768K
  class space    used 469K, capacity 753K, committed 768K, reserved 1048576K
}

