# JRE version: Java(TM) SE Runtime Environment (15.0.1+9) (build 15.0.1+9-18)
# Java VM: Java HotSpot(TM) 64-Bit Server VM (15.0.1+9-18, mixed mode, sharing, tiered, compressed oops, g1 gc, windows-amd64)
GC Precious Log:
 CPUs: 4 total, 4 available
 Memory: 7113M
 Large Page Support: Disabled
 NUMA Support: Disabled
 Compressed Oops: Enabled (32-bit)
 Heap Region Size: 1M
 Heap Min Capacity: 8M
 Heap Initial Capacity: 112M
 Heap Max Capacity: 1780M
 Pre-touch: Disabled
 Parallel Workers: 4
 Concurrent Workers: 1
 Concurrent Refinement Workers: 4
 Periodic GC: Disabled
Heap:
 garbage-first heap   total 399360K, used 123647K [0x0000000090c00000, 0x0000000100000000)
  region size 1024K, 2 young (2048K), 2 survivors (2048K)
 Metaspace       used 4300K, capacity 6790K, committed 6912K, reserved 1056768K
  class space    used 480K, capacity 754K, committed 768K, reserved 1048576K
GC Heap History (20 events):
Event: 1.358 GC heap after
{Heap after GC invocations=2 (full 0):
 garbage-first heap   total 114688K, used 19434K [0x0000000090c00000, 0x0000000100000000)
  region size 1024K, 2 young (2048K), 2 survivors (2048K)
 Metaspace       used 3906K, capacity 6787K, committed 6912K, reserved 1056768K
  class space    used 444K, capacity 753K, committed 768K, reserved 1048576K
}
Event: 1.363 GC heap before
{Heap before GC invocations=2 (full 0):
 garbage-first heap   total 114688K, used 33770K [0x0000000090c00000, 0x0000000100000000)
  region size 1024K, 17 young (17408K), 2 survivors (2048K)
 Metaspace       used 3910K, capacity 6787K, committed 6912K, reserved 1056768K
  class space    used 445K, capacity 753K, committed 768K, reserved 1048576K
}
Event: 1.384 GC heap after
{Heap after GC invocations=3 (full 0):
 garbage-first heap   total 114688K, used 34653K [0x0000000090c00000, 0x0000000100000000)
  region size 1024K, 3 young (3072K), 3 survivors (3072K)
 Metaspace       used 3910K, capacity 6787K, committed 6912K, reserved 1056768K
  class space    used 445K, capacity 753K, committed 768K, reserved 1048576K
}
Event: 1.390 GC heap before
{Heap before GC invocations=3 (full 0):
 garbage-first heap   total 114688K, used 53085K [0x0000000090c00000, 0x0000000100000000)
  region size 1024K, 22 young (22528K), 3 survivors (3072K)
 Metaspace       used 3910K, capacity 6787K, committed 6912K, reserved 1056768K
  class space    used 445K, capacity 753K, committed 768K, reserved 1048576K
}
Event: 1.418 GC heap after
{Heap after GC invocations=4 (full 0):
 garbage-first heap   total 114688K, used 54062K [0x0000000090c00000, 0x0000000100000000)
  region size 1024K, 3 young (3072K), 3 survivors (3072K)
 Metaspace       used 3910K, capacity 6787K, committed 6912K, reserved 1056768K
  class space    used 445K, capacity 753K, committed 768K, reserved 1048576K
}
Event: 1.423 GC heap before
{Heap before GC invocations=4 (full 0):
 garbage-first heap   total 114688K, used 67374K [0x0000000090c00000, 0x0000000100000000)
  region size 1024K, 17 young (17408K), 3 survivors (3072K)
 Metaspace       used 3914K, capacity 6787K, committed 6912K, reserved 1056768K
  class space    used 445K, capacity 753K, committed 768K, reserved 1048576K
}
Event: 1.445 GC heap after
{Heap after GC invocations=5 (full 0):
 garbage-first heap   total 186368K, used 68351K [0x0000000090c00000, 0x0000000100000000)
  region size 1024K, 3 young (3072K), 3 survivors (3072K)
 Metaspace       used 3914K, capacity 6787K, committed 6912K, reserved 1056768K
  class space    used 445K, capacity 753K, committed 768K, reserved 1048576K
}
Event: 1.527 GC heap before
{Heap before GC invocations=5 (full 0):
 garbage-first heap   total 186368K, used 97023K [0x0000000090c00000, 0x0000000100000000)
  region size 1024K, 32 young (32768K), 3 survivors (3072K)
 Metaspace       used 3946K, capacity 6787K, committed 6912K, reserved 1056768K
  class space    used 452K, capacity 753K, committed 768K, reserved 1048576K
}
Event: 1.570 GC heap after
{Heap after GC invocations=6 (full 0):
 garbage-first heap   total 186368K, used 97242K [0x0000000090c00000, 0x0000000100000000)
  region size 1024K, 4 young (4096K), 4 survivors (4096K)
 Metaspace       used 3946K, capacity 6787K, committed 6912K, reserved 1056768K
  class space    used 452K, capacity 753K, committed 768K, reserved 1048576K
}
Event: 1.596 GC heap before
{Heap before GC invocations=6 (full 0):
 garbage-first heap   total 186368K, used 110554K [0x0000000090c00000, 0x0000000100000000)
  region size 1024K, 19 young (19456K), 4 survivors (4096K)
 Metaspace       used 4131K, capacity 6787K, committed 6912K, reserved 1056768K
  class space    used 469K, capacity 753K, committed 768K, reserved 1048576K
}
Event: 1.602 GC heap after
{Heap after GC invocations=7 (full 0):
 garbage-first heap   total 186368K, used 105387K [0x0000000090c00000, 0x0000000100000000)
  region size 1024K, 3 young (3072K), 3 survivors (3072K)
 Metaspace       used 4131K, capacity 6787K, committed 6912K, reserved 1056768K
  class space    used 469K, capacity 753K, committed 768K, reserved 1048576K
}
Event: 1.638 GC heap before
{Heap before GC invocations=8 (full 0):
 garbage-first heap   total 186368K, used 111531K [0x0000000090c00000, 0x0000000100000000)
  region size 1024K, 4 young (4096K), 3 survivors (3072K)
 Metaspace       used 4144K, capacity 6784K, committed 6912K, reserved 1056768K
  class space    used 469K, capacity 752K, committed 768K, reserved 1048576K
}
Event: 1.641 GC heap after
{Heap after GC invocations=9 (full 0):
 garbage-first heap   total 186368K, used 108207K [0x0000000090c00000, 0x0000000100000000)
  region size 1024K, 1 young (1024K), 1 survivors (1024K)
 Metaspace       used 4144K, capacity 6784K, committed 6912K, reserved 1056768K
  class space    used 469K, capacity 752K, committed 768K, reserved 1048576K
}
Event: 1.699 GC heap before
{Heap before GC invocations=10 (full 0):
 garbage-first heap   total 193536K, used 113327K [0x0000000090c00000, 0x0000000100000000)
  region size 1024K, 2 young (2048K), 1 survivors (1024K)
 Metaspace       used 4180K, capacity 6784K, committed 6912K, reserved 1056768K
  class space    used 469K, capacity 752K, committed 768K, reserved 1048576K
}
Event: 1.700 GC heap after
{Heap after GC invocations=11 (full 0):
 garbage-first heap   total 193536K, used 110257K [0x0000000090c00000, 0x0000000100000000)
  region size 1024K, 1 young (1024K), 1 survivors (1024K)
 Metaspace       used 4180K, capacity 6784K, committed 6912K, reserved 1056768K
  class space    used 469K, capacity 752K, committed 768K, reserved 1048576K
}
Event: 1.746 GC heap before
{Heap before GC invocations=12 (full 0):
 garbage-first heap   total 193536K, used 119473K [0x0000000090c00000, 0x0000000100000000)
  region size 1024K, 2 young (2048K), 1 survivors (1024K)
 Metaspace       used 4180K, capacity 6784K, committed 6912K, reserved 1056768K
  class space    used 469K, capacity 752K, committed 768K, reserved 1048576K
}
Event: 1.747 GC heap after
{Heap after GC invocations=13 (full 0):
 garbage-first heap   total 193536K, used 114360K [0x0000000090c00000, 0x0000000100000000)
  region size 1024K, 1 young (1024K), 1 survivors (1024K)
 Metaspace       used 4180K, capacity 6784K, committed 6912K, reserved 1056768K
  class space    used 469K, capacity 752K, committed 768K, reserved 1048576K
}
Event: 1.782 GC heap before
{Heap before GC invocations=14 (full 0):
 garbage-first heap   total 206848K, used 123576K [0x0000000090c00000, 0x0000000100000000)
  region size 1024K, 2 young (2048K), 1 survivors (1024K)
 Metaspace       used 4219K, capacity 6784K, committed 6912K, reserved 1056768K
  class space    used 470K, capacity 752K, committed 768K, reserved 1048576K
}
Event: 1.784 GC heap after
{Heap after GC invocations=15 (full 0):
 garbage-first heap   total 206848K, used 123582K [0x0000000090c00000, 0x0000000100000000)
  region size 1024K, 1 young (1024K), 1 survivors (1024K)
 Metaspace       used 4219K, capacity 6784K, committed 6912K, reserved 1056768K
  class space    used 470K, capacity 752K, committed 768K, reserved 1048576K
}
Event: 1.838 GC heap before
{Heap before GC invocations=16 (full 0):
 garbage-first heap   total 211968K, used 133822K [0x0000000090c00000, 0x0000000100000000)
  region size 1024K, 3 young (3072K), 1 survivors (1024K)
 Metaspace       used 4300K, capacity 6790K, committed 6912K, reserved 1056768K
  class space    used 480K, capacity 754K, committed 768K, reserved 1048576K
}

