# JRE version: Java(TM) SE Runtime Environment (15.0.1+9) (build 15.0.1+9-18)
# Java VM: Java HotSpot(TM) 64-Bit Server VM (15.0.1+9-18, mixed mode, sharing, tiered, compressed oops, g1 gc, windows-amd64)
GC Precious Log:
 CPUs: 4 total, 4 available
 Memory: 7113M
 Large Page Support: Disabled
 NUMA Support: Disabled
 Compressed Oops: Enabled (32-bit)
 Heap Region Size: 1M
 Heap Min Capacity: 8M
 Heap Initial Capacity: 112M
 Heap Max Capacity: 1780M
 Pre-touch: Disabled
 Parallel Workers: 4
 Concurrent Workers: 1
 Concurrent Refinement Workers: 4
 Periodic GC: Disabled
Heap:
 garbage-first heap   total 229376K, used 64359K [0x0000000090c00000, 0x0000000100000000)
  region size 1024K, 3 young (3072K), 3 survivors (3072K)
 Metaspace       used 3974K, capacity 6793K, committed 6912K, reserved 1056768K
  class space    used 456K, capacity 755K, committed 768K, reserved 1048576K
GC Heap History (9 events):
Event: 0.840 GC heap before
{Heap before GC invocations=0 (full 0):
 garbage-first heap   total 114688K, used 13312K [0x0000000090c00000, 0x0000000100000000)
  region size 1024K, 13 young (13312K), 0 survivors (0K)
 Metaspace       used 3849K, capacity 6729K, committed 6912K, reserved 1056768K
  class space    used 442K, capacity 755K, committed 768K, reserved 1048576K
}
Event: 0.856 GC heap after
{Heap after GC invocations=1 (full 0):
 garbage-first heap   total 114688K, used 5023K [0x0000000090c00000, 0x0000000100000000)
  region size 1024K, 2 young (2048K), 2 survivors (2048K)
 Metaspace       used 3849K, capacity 6729K, committed 6912K, reserved 1056768K
  class space    used 442K, capacity 755K, committed 768K, reserved 1048576K
}
Event: 0.876 GC heap before
{Heap before GC invocations=1 (full 0):
 garbage-first heap   total 114688K, used 18335K [0x0000000090c00000, 0x0000000100000000)
  region size 1024K, 16 young (16384K), 2 survivors (2048K)
 Metaspace       used 3858K, capacity 6729K, committed 6912K, reserved 1056768K
  class space    used 443K, capacity 755K, committed 768K, reserved 1048576K
}
Event: 0.909 GC heap after
{Heap after GC invocations=2 (full 0):
 garbage-first heap   total 114688K, used 19052K [0x0000000090c00000, 0x0000000100000000)
  region size 1024K, 2 young (2048K), 2 survivors (2048K)
 Metaspace       used 3858K, capacity 6729K, committed 6912K, reserved 1056768K
  class space    used 443K, capacity 755K, committed 768K, reserved 1048576K
}
Event: 0.944 GC heap before
{Heap before GC invocations=2 (full 0):
 garbage-first heap   total 114688K, used 32364K [0x0000000090c00000, 0x0000000100000000)
  region size 1024K, 16 young (16384K), 2 survivors (2048K)
 Metaspace       used 3930K, capacity 6793K, committed 6912K, reserved 1056768K
  class space    used 448K, capacity 755K, committed 768K, reserved 1048576K
}
Event: 0.973 GC heap after
{Heap after GC invocations=3 (full 0):
 garbage-first heap   total 114688K, used 32893K [0x0000000090c00000, 0x0000000100000000)
  region size 1024K, 2 young (2048K), 2 survivors (2048K)
 Metaspace       used 3930K, capacity 6793K, committed 6912K, reserved 1056768K
  class space    used 448K, capacity 755K, committed 768K, reserved 1048576K
}
Event: 0.998 GC heap before
{Heap before GC invocations=3 (full 0):
 garbage-first heap   total 114688K, used 51325K [0x0000000090c00000, 0x0000000100000000)
  region size 1024K, 21 young (21504K), 2 survivors (2048K)
 Metaspace       used 3948K, capacity 6793K, committed 6912K, reserved 1056768K
  class space    used 452K, capacity 755K, committed 768K, reserved 1048576K
}
Event: 1.038 GC heap after
{Heap after GC invocations=4 (full 0):
 garbage-first heap   total 114688K, used 51820K [0x0000000090c00000, 0x0000000100000000)
  region size 1024K, 3 young (3072K), 3 survivors (3072K)
 Metaspace       used 3948K, capacity 6793K, committed 6912K, reserved 1056768K
  class space    used 452K, capacity 755K, committed 768K, reserved 1048576K
}
Event: 1.089 GC heap before
{Heap before GC invocations=4 (full 0):
 garbage-first heap   total 114688K, used 66156K [0x0000000090c00000, 0x0000000100000000)
  region size 1024K, 18 young (18432K), 3 survivors (3072K)
 Metaspace       used 3974K, capacity 6793K, committed 6912K, reserved 1056768K
  class space    used 456K, capacity 755K, committed 768K, reserved 1048576K
}

