# JRE version: Java(TM) SE Runtime Environment (15.0.1+9) (build 15.0.1+9-18)
# Java VM: Java HotSpot(TM) 64-Bit Server VM (15.0.1+9-18, mixed mode, sharing, tiered, compressed oops, g1 gc, windows-amd64)
GC Precious Log:
 CPUs: 4 total, 4 available
 Memory: 7113M
 Large Page Support: Disabled
 NUMA Support: Disabled
 Compressed Oops: Enabled (32-bit)
 Heap Region Size: 1M
 Heap Min Capacity: 8M
 Heap Initial Capacity: 112M
 Heap Max Capacity: 1780M
 Pre-touch: Disabled
 Parallel Workers: 4
 Concurrent Workers: 1
 Concurrent Refinement Workers: 4
 Periodic GC: Disabled
Heap:
 garbage-first heap   total 419840K, used 108992K [0x0000000090c00000, 0x0000000100000000)
  region size 1024K, 1 young (1024K), 1 survivors (1024K)
 Metaspace       used 4140K, capacity 6784K, committed 6912K, reserved 1056768K
  class space    used 468K, capacity 752K, committed 768K, reserved 1048576K
GC Heap History (17 events):
Event: 0.635 GC heap before
{Heap before GC invocations=0 (full 0):
 garbage-first heap   total 114688K, used 12288K [0x0000000090c00000, 0x0000000100000000)
  region size 1024K, 13 young (13312K), 0 survivors (0K)
 Metaspace       used 3856K, capacity 6784K, committed 6912K, reserved 1056768K
  class space    used 442K, capacity 752K, committed 768K, reserved 1048576K
}
Event: 0.642 GC heap after
{Heap after GC invocations=1 (full 0):
 garbage-first heap   total 114688K, used 4904K [0x0000000090c00000, 0x0000000100000000)
  region size 1024K, 2 young (2048K), 2 survivors (2048K)
 Metaspace       used 3856K, capacity 6784K, committed 6912K, reserved 1056768K
  class space    used 442K, capacity 752K, committed 768K, reserved 1048576K
}
Event: 0.647 GC heap before
{Heap before GC invocations=1 (full 0):
 garbage-first heap   total 114688K, used 18216K [0x0000000090c00000, 0x0000000100000000)
  region size 1024K, 16 young (16384K), 2 survivors (2048K)
 Metaspace       used 3864K, capacity 6784K, committed 6912K, reserved 1056768K
  class space    used 443K, capacity 752K, committed 768K, reserved 1048576K
}
Event: 0.661 GC heap after
{Heap after GC invocations=2 (full 0):
 garbage-first heap   total 114688K, used 19090K [0x0000000090c00000, 0x0000000100000000)
  region size 1024K, 2 young (2048K), 2 survivors (2048K)
 Metaspace       used 3864K, capacity 6784K, committed 6912K, reserved 1056768K
  class space    used 443K, capacity 752K, committed 768K, reserved 1048576K
}
Event: 0.664 GC heap before
{Heap before GC invocations=2 (full 0):
 garbage-first heap   total 114688K, used 33426K [0x0000000090c00000, 0x0000000100000000)
  region size 1024K, 17 young (17408K), 2 survivors (2048K)
 Metaspace       used 3864K, capacity 6784K, committed 6912K, reserved 1056768K
  class space    used 443K, capacity 752K, committed 768K, reserved 1048576K
}
Event: 0.677 GC heap after
{Heap after GC invocations=3 (full 0):
 garbage-first heap   total 114688K, used 34363K [0x0000000090c00000, 0x0000000100000000)
  region size 1024K, 3 young (3072K), 3 survivors (3072K)
 Metaspace       used 3864K, capacity 6784K, committed 6912K, reserved 1056768K
  class space    used 443K, capacity 752K, committed 768K, reserved 1048576K
}
Event: 0.683 GC heap before
{Heap before GC invocations=3 (full 0):
 garbage-first heap   total 114688K, used 53819K [0x0000000090c00000, 0x0000000100000000)
  region size 1024K, 23 young (23552K), 3 survivors (3072K)
 Metaspace       used 3864K, capacity 6784K, committed 6912K, reserved 1056768K
  class space    used 443K, capacity 752K, committed 768K, reserved 1048576K
}
Event: 0.701 GC heap after
{Heap after GC invocations=4 (full 0):
 garbage-first heap   total 114688K, used 54726K [0x0000000090c00000, 0x0000000100000000)
  region size 1024K, 3 young (3072K), 3 survivors (3072K)
 Metaspace       used 3864K, capacity 6784K, committed 6912K, reserved 1056768K
  class space    used 443K, capacity 752K, committed 768K, reserved 1048576K
}
Event: 0.704 GC heap before
{Heap before GC invocations=4 (full 0):
 garbage-first heap   total 114688K, used 68038K [0x0000000090c00000, 0x0000000100000000)
  region size 1024K, 17 young (17408K), 3 survivors (3072K)
 Metaspace       used 3864K, capacity 6784K, committed 6912K, reserved 1056768K
  class space    used 443K, capacity 752K, committed 768K, reserved 1048576K
}
Event: 0.719 GC heap after
{Heap after GC invocations=5 (full 0):
 garbage-first heap   total 209920K, used 68984K [0x0000000090c00000, 0x0000000100000000)
  region size 1024K, 3 young (3072K), 3 survivors (3072K)
 Metaspace       used 3864K, capacity 6784K, committed 6912K, reserved 1056768K
  class space    used 443K, capacity 752K, committed 768K, reserved 1048576K
}
Event: 0.784 GC heap before
{Heap before GC invocations=6 (full 0):
 garbage-first heap   total 209920K, used 96632K [0x0000000090c00000, 0x0000000100000000)
  region size 1024K, 31 young (31744K), 3 survivors (3072K)
 Metaspace       used 3903K, capacity 6784K, committed 6912K, reserved 1056768K
  class space    used 450K, capacity 752K, committed 768K, reserved 1048576K
}
Event: 0.814 GC heap after
{Heap after GC invocations=7 (full 0):
 garbage-first heap   total 209920K, used 96640K [0x0000000090c00000, 0x0000000100000000)
  region size 1024K, 4 young (4096K), 4 survivors (4096K)
 Metaspace       used 3903K, capacity 6784K, committed 6912K, reserved 1056768K
  class space    used 450K, capacity 752K, committed 768K, reserved 1048576K
}
Event: 0.842 GC heap before
{Heap before GC invocations=7 (full 0):
 garbage-first heap   total 209920K, used 112000K [0x0000000090c00000, 0x0000000100000000)
  region size 1024K, 20 young (20480K), 4 survivors (4096K)
 Metaspace       used 4093K, capacity 6784K, committed 6912K, reserved 1056768K
  class space    used 468K, capacity 752K, committed 768K, reserved 1048576K
}
Event: 0.847 GC heap after
{Heap after GC invocations=8 (full 0):
 garbage-first heap   total 209920K, used 104886K [0x0000000090c00000, 0x0000000100000000)
  region size 1024K, 4 young (4096K), 4 survivors (4096K)
 Metaspace       used 4093K, capacity 6784K, committed 6912K, reserved 1056768K
  class space    used 468K, capacity 752K, committed 768K, reserved 1048576K
}
Event: 0.882 GC heap before
{Heap before GC invocations=9 (full 0):
 garbage-first heap   total 209920K, used 106934K [0x0000000090c00000, 0x0000000100000000)
  region size 1024K, 5 young (5120K), 4 survivors (4096K)
 Metaspace       used 4097K, capacity 6784K, committed 6912K, reserved 1056768K
  class space    used 468K, capacity 752K, committed 768K, reserved 1048576K
}
Event: 0.885 GC heap after
{Heap after GC invocations=10 (full 0):
 garbage-first heap   total 209920K, used 105914K [0x0000000090c00000, 0x0000000100000000)
  region size 1024K, 1 young (1024K), 1 survivors (1024K)
 Metaspace       used 4097K, capacity 6784K, committed 6912K, reserved 1056768K
  class space    used 468K, capacity 752K, committed 768K, reserved 1048576K
}
Event: 0.936 GC heap before
{Heap before GC invocations=11 (full 0):
 garbage-first heap   total 209920K, used 114106K [0x0000000090c00000, 0x0000000100000000)
  region size 1024K, 2 young (2048K), 1 survivors (1024K)
 Metaspace       used 4140K, capacity 6784K, committed 6912K, reserved 1056768K
  class space    used 468K, capacity 752K, committed 768K, reserved 1048576K
}

