# JRE version: Java(TM) SE Runtime Environment (15.0.1+9) (build 15.0.1+9-18)
# Java VM: Java HotSpot(TM) 64-Bit Server VM (15.0.1+9-18, mixed mode, sharing, tiered, compressed oops, g1 gc, windows-amd64)
GC Precious Log:
 CPUs: 4 total, 4 available
 Memory: 7113M
 Large Page Support: Disabled
 NUMA Support: Disabled
 Compressed Oops: Enabled (32-bit)
 Heap Region Size: 1M
 Heap Min Capacity: 8M
 Heap Initial Capacity: 112M
 Heap Max Capacity: 1780M
 Pre-touch: Disabled
 Parallel Workers: 4
 Concurrent Workers: 1
 Concurrent Refinement Workers: 4
 Periodic GC: Disabled
Heap:
 garbage-first heap   total 419840K, used 109585K [0x0000000090c00000, 0x0000000100000000)
  region size 1024K, 1 young (1024K), 1 survivors (1024K)
 Metaspace       used 4183K, capacity 6784K, committed 6912K, reserved 1056768K
  class space    used 469K, capacity 752K, committed 768K, reserved 1048576K
GC Heap History (17 events):
Event: 0.639 GC heap before
{Heap before GC invocations=0 (full 0):
 garbage-first heap   total 114688K, used 12288K [0x0000000090c00000, 0x0000000100000000)
  region size 1024K, 13 young (13312K), 0 survivors (0K)
 Metaspace       used 3863K, capacity 6729K, committed 6912K, reserved 1056768K
  class space    used 442K, capacity 755K, committed 768K, reserved 1048576K
}
Event: 0.648 GC heap after
{Heap after GC invocations=1 (full 0):
 garbage-first heap   total 114688K, used 5190K [0x0000000090c00000, 0x0000000100000000)
  region size 1024K, 2 young (2048K), 2 survivors (2048K)
 Metaspace       used 3863K, capacity 6729K, committed 6912K, reserved 1056768K
  class space    used 442K, capacity 755K, committed 768K, reserved 1048576K
}
Event: 0.654 GC heap before
{Heap before GC invocations=1 (full 0):
 garbage-first heap   total 114688K, used 18502K [0x0000000090c00000, 0x0000000100000000)
  region size 1024K, 16 young (16384K), 2 survivors (2048K)
 Metaspace       used 3905K, capacity 6793K, committed 6912K, reserved 1056768K
  class space    used 445K, capacity 755K, committed 768K, reserved 1048576K
}
Event: 0.668 GC heap after
{Heap after GC invocations=2 (full 0):
 garbage-first heap   total 114688K, used 19097K [0x0000000090c00000, 0x0000000100000000)
  region size 1024K, 2 young (2048K), 2 survivors (2048K)
 Metaspace       used 3905K, capacity 6793K, committed 6912K, reserved 1056768K
  class space    used 445K, capacity 755K, committed 768K, reserved 1048576K
}
Event: 0.673 GC heap before
{Heap before GC invocations=2 (full 0):
 garbage-first heap   total 114688K, used 33433K [0x0000000090c00000, 0x0000000100000000)
  region size 1024K, 17 young (17408K), 2 survivors (2048K)
 Metaspace       used 3917K, capacity 6793K, committed 6912K, reserved 1056768K
  class space    used 446K, capacity 755K, committed 768K, reserved 1048576K
}
Event: 0.687 GC heap after
{Heap after GC invocations=3 (full 0):
 garbage-first heap   total 114688K, used 34270K [0x0000000090c00000, 0x0000000100000000)
  region size 1024K, 3 young (3072K), 3 survivors (3072K)
 Metaspace       used 3917K, capacity 6793K, committed 6912K, reserved 1056768K
  class space    used 446K, capacity 755K, committed 768K, reserved 1048576K
}
Event: 0.693 GC heap before
{Heap before GC invocations=3 (full 0):
 garbage-first heap   total 114688K, used 53726K [0x0000000090c00000, 0x0000000100000000)
  region size 1024K, 23 young (23552K), 3 survivors (3072K)
 Metaspace       used 3918K, capacity 6793K, committed 6912K, reserved 1056768K
  class space    used 447K, capacity 755K, committed 768K, reserved 1048576K
}
Event: 0.711 GC heap after
{Heap after GC invocations=4 (full 0):
 garbage-first heap   total 114688K, used 54632K [0x0000000090c00000, 0x0000000100000000)
  region size 1024K, 3 young (3072K), 3 survivors (3072K)
 Metaspace       used 3918K, capacity 6793K, committed 6912K, reserved 1056768K
  class space    used 447K, capacity 755K, committed 768K, reserved 1048576K
}
Event: 0.716 GC heap before
{Heap before GC invocations=4 (full 0):
 garbage-first heap   total 114688K, used 67944K [0x0000000090c00000, 0x0000000100000000)
  region size 1024K, 17 young (17408K), 3 survivors (3072K)
 Metaspace       used 3926K, capacity 6793K, committed 6912K, reserved 1056768K
  class space    used 447K, capacity 755K, committed 768K, reserved 1048576K
}
Event: 0.731 GC heap after
{Heap after GC invocations=5 (full 0):
 garbage-first heap   total 209920K, used 68772K [0x0000000090c00000, 0x0000000100000000)
  region size 1024K, 3 young (3072K), 3 survivors (3072K)
 Metaspace       used 3926K, capacity 6793K, committed 6912K, reserved 1056768K
  class space    used 447K, capacity 755K, committed 768K, reserved 1048576K
}
Event: 0.784 GC heap before
{Heap before GC invocations=6 (full 0):
 garbage-first heap   total 209920K, used 96420K [0x0000000090c00000, 0x0000000100000000)
  region size 1024K, 31 young (31744K), 3 survivors (3072K)
 Metaspace       used 3950K, capacity 6784K, committed 6912K, reserved 1056768K
  class space    used 452K, capacity 752K, committed 768K, reserved 1048576K
}
Event: 0.805 GC heap after
{Heap after GC invocations=7 (full 0):
 garbage-first heap   total 209920K, used 96921K [0x0000000090c00000, 0x0000000100000000)
  region size 1024K, 4 young (4096K), 4 survivors (4096K)
 Metaspace       used 3950K, capacity 6784K, committed 6912K, reserved 1056768K
  class space    used 452K, capacity 752K, committed 768K, reserved 1048576K
}
Event: 0.837 GC heap before
{Heap before GC invocations=7 (full 0):
 garbage-first heap   total 209920K, used 112281K [0x0000000090c00000, 0x0000000100000000)
  region size 1024K, 20 young (20480K), 4 survivors (4096K)
 Metaspace       used 4140K, capacity 6784K, committed 6912K, reserved 1056768K
  class space    used 469K, capacity 752K, committed 768K, reserved 1048576K
}
Event: 0.842 GC heap after
{Heap after GC invocations=8 (full 0):
 garbage-first heap   total 209920K, used 105480K [0x0000000090c00000, 0x0000000100000000)
  region size 1024K, 4 young (4096K), 4 survivors (4096K)
 Metaspace       used 4140K, capacity 6784K, committed 6912K, reserved 1056768K
  class space    used 469K, capacity 752K, committed 768K, reserved 1048576K
}
Event: 0.870 GC heap before
{Heap before GC invocations=9 (full 0):
 garbage-first heap   total 209920K, used 110600K [0x0000000090c00000, 0x0000000100000000)
  region size 1024K, 5 young (5120K), 4 survivors (4096K)
 Metaspace       used 4152K, capacity 6784K, committed 6912K, reserved 1056768K
  class space    used 469K, capacity 752K, committed 768K, reserved 1048576K
}
Event: 0.872 GC heap after
{Heap after GC invocations=10 (full 0):
 garbage-first heap   total 209920K, used 107533K [0x0000000090c00000, 0x0000000100000000)
  region size 1024K, 1 young (1024K), 1 survivors (1024K)
 Metaspace       used 4152K, capacity 6784K, committed 6912K, reserved 1056768K
  class space    used 469K, capacity 752K, committed 768K, reserved 1048576K
}
Event: 0.906 GC heap before
{Heap before GC invocations=11 (full 0):
 garbage-first heap   total 209920K, used 112653K [0x0000000090c00000, 0x0000000100000000)
  region size 1024K, 2 young (2048K), 1 survivors (1024K)
 Metaspace       used 4183K, capacity 6784K, committed 6912K, reserved 1056768K
  class space    used 469K, capacity 752K, committed 768K, reserved 1048576K
}

