# JRE version: Java(TM) SE Runtime Environment (15.0.1+9) (build 15.0.1+9-18)
# Java VM: Java HotSpot(TM) 64-Bit Server VM (15.0.1+9-18, mixed mode, sharing, tiered, compressed oops, g1 gc, windows-amd64)
GC Precious Log:
 CPUs: 4 total, 4 available
 Memory: 7113M
 Large Page Support: Disabled
 NUMA Support: Disabled
 Compressed Oops: Enabled (32-bit)
 Heap Region Size: 1M
 Heap Min Capacity: 8M
 Heap Initial Capacity: 112M
 Heap Max Capacity: 1780M
 Pre-touch: Disabled
 Parallel Workers: 4
 Concurrent Workers: 1
 Concurrent Refinement Workers: 4
 Periodic GC: Disabled
Heap:
 garbage-first heap   total 434176K, used 131695K [0x0000000090c00000, 0x0000000100000000)
  region size 1024K, 4 young (4096K), 4 survivors (4096K)
 Metaspace       used 4353K, capacity 6790K, committed 6912K, reserved 1056768K
  class space    used 478K, capacity 754K, committed 768K, reserved 1048576K
GC Heap History (17 events):
Event: 0.894 GC heap before
{Heap before GC invocations=0 (full 0):
 garbage-first heap   total 114688K, used 12288K [0x0000000090c00000, 0x0000000100000000)
  region size 1024K, 13 young (13312K), 0 survivors (0K)
 Metaspace       used 3846K, capacity 6729K, committed 6912K, reserved 1056768K
  class space    used 440K, capacity 755K, committed 768K, reserved 1048576K
}
Event: 0.904 GC heap after
{Heap after GC invocations=1 (full 0):
 garbage-first heap   total 114688K, used 5105K [0x0000000090c00000, 0x0000000100000000)
  region size 1024K, 2 young (2048K), 2 survivors (2048K)
 Metaspace       used 3846K, capacity 6729K, committed 6912K, reserved 1056768K
  class space    used 440K, capacity 755K, committed 768K, reserved 1048576K
}
Event: 0.918 GC heap before
{Heap before GC invocations=1 (full 0):
 garbage-first heap   total 114688K, used 18417K [0x0000000090c00000, 0x0000000100000000)
  region size 1024K, 16 young (16384K), 2 survivors (2048K)
 Metaspace       used 3929K, capacity 6793K, committed 6912K, reserved 1056768K
  class space    used 447K, capacity 755K, committed 768K, reserved 1048576K
}
Event: 0.938 GC heap after
{Heap after GC invocations=2 (full 0):
 garbage-first heap   total 114688K, used 19019K [0x0000000090c00000, 0x0000000100000000)
  region size 1024K, 2 young (2048K), 2 survivors (2048K)
 Metaspace       used 3929K, capacity 6793K, committed 6912K, reserved 1056768K
  class space    used 447K, capacity 755K, committed 768K, reserved 1048576K
}
Event: 0.944 GC heap before
{Heap before GC invocations=2 (full 0):
 garbage-first heap   total 114688K, used 33355K [0x0000000090c00000, 0x0000000100000000)
  region size 1024K, 17 young (17408K), 2 survivors (2048K)
 Metaspace       used 3929K, capacity 6793K, committed 6912K, reserved 1056768K
  class space    used 447K, capacity 755K, committed 768K, reserved 1048576K
}
Event: 0.966 GC heap after
{Heap after GC invocations=3 (full 0):
 garbage-first heap   total 114688K, used 34316K [0x0000000090c00000, 0x0000000100000000)
  region size 1024K, 3 young (3072K), 3 survivors (3072K)
 Metaspace       used 3929K, capacity 6793K, committed 6912K, reserved 1056768K
  class space    used 447K, capacity 755K, committed 768K, reserved 1048576K
}
Event: 0.974 GC heap before
{Heap before GC invocations=3 (full 0):
 garbage-first heap   total 114688K, used 52748K [0x0000000090c00000, 0x0000000100000000)
  region size 1024K, 22 young (22528K), 3 survivors (3072K)
 Metaspace       used 3929K, capacity 6793K, committed 6912K, reserved 1056768K
  class space    used 447K, capacity 755K, committed 768K, reserved 1048576K
}
Event: 1.001 GC heap after
{Heap after GC invocations=4 (full 0):
 garbage-first heap   total 114688K, used 53639K [0x0000000090c00000, 0x0000000100000000)
  region size 1024K, 3 young (3072K), 3 survivors (3072K)
 Metaspace       used 3929K, capacity 6793K, committed 6912K, reserved 1056768K
  class space    used 447K, capacity 755K, committed 768K, reserved 1048576K
}
Event: 1.007 GC heap before
{Heap before GC invocations=4 (full 0):
 garbage-first heap   total 114688K, used 66951K [0x0000000090c00000, 0x0000000100000000)
  region size 1024K, 17 young (17408K), 3 survivors (3072K)
 Metaspace       used 3929K, capacity 6793K, committed 6912K, reserved 1056768K
  class space    used 447K, capacity 755K, committed 768K, reserved 1048576K
}
Event: 1.029 GC heap after
{Heap after GC invocations=5 (full 0):
 garbage-first heap   total 217088K, used 67928K [0x0000000090c00000, 0x0000000100000000)
  region size 1024K, 3 young (3072K), 3 survivors (3072K)
 Metaspace       used 3929K, capacity 6793K, committed 6912K, reserved 1056768K
  class space    used 447K, capacity 755K, committed 768K, reserved 1048576K
}
Event: 1.123 GC heap before
{Heap before GC invocations=5 (full 0):
 garbage-first heap   total 217088K, used 96600K [0x0000000090c00000, 0x0000000100000000)
  region size 1024K, 32 young (32768K), 3 survivors (3072K)
 Metaspace       used 3960K, capacity 6793K, committed 6912K, reserved 1056768K
  class space    used 452K, capacity 755K, committed 768K, reserved 1048576K
}
Event: 1.161 GC heap after
{Heap after GC invocations=6 (full 0):
 garbage-first heap   total 217088K, used 96679K [0x0000000090c00000, 0x0000000100000000)
  region size 1024K, 4 young (4096K), 4 survivors (4096K)
 Metaspace       used 3960K, capacity 6793K, committed 6912K, reserved 1056768K
  class space    used 452K, capacity 755K, committed 768K, reserved 1048576K
}
Event: 1.217 GC heap before
{Heap before GC invocations=6 (full 0):
 garbage-first heap   total 217088K, used 114087K [0x0000000090c00000, 0x0000000100000000)
  region size 1024K, 20 young (20480K), 4 survivors (4096K)
 Metaspace       used 4150K, capacity 6793K, committed 6912K, reserved 1056768K
  class space    used 468K, capacity 755K, committed 768K, reserved 1048576K
}
Event: 1.223 GC heap after
{Heap after GC invocations=7 (full 0):
 garbage-first heap   total 217088K, used 106341K [0x0000000090c00000, 0x0000000100000000)
  region size 1024K, 5 young (5120K), 5 survivors (5120K)
 Metaspace       used 4150K, capacity 6793K, committed 6912K, reserved 1056768K
  class space    used 468K, capacity 755K, committed 768K, reserved 1048576K
}
Event: 1.287 GC heap before
{Heap before GC invocations=8 (full 0):
 garbage-first heap   total 217088K, used 123749K [0x0000000090c00000, 0x0000000100000000)
  region size 1024K, 6 young (6144K), 5 survivors (5120K)
 Metaspace       used 4187K, capacity 6784K, committed 6912K, reserved 1056768K
  class space    used 467K, capacity 752K, committed 768K, reserved 1048576K
}
Event: 1.295 GC heap after
{Heap after GC invocations=9 (full 0):
 garbage-first heap   total 217088K, used 113535K [0x0000000090c00000, 0x0000000100000000)
  region size 1024K, 1 young (1024K), 1 survivors (1024K)
 Metaspace       used 4187K, capacity 6784K, committed 6912K, reserved 1056768K
  class space    used 467K, capacity 752K, committed 768K, reserved 1048576K
}
Event: 1.397 GC heap before
{Heap before GC invocations=10 (full 0):
 garbage-first heap   total 217088K, used 137087K [0x0000000090c00000, 0x0000000100000000)
  region size 1024K, 7 young (7168K), 1 survivors (1024K)
 Metaspace       used 4353K, capacity 6790K, committed 6912K, reserved 1056768K
  class space    used 478K, capacity 754K, committed 768K, reserved 1048576K
}

