# JRE version: Java(TM) SE Runtime Environment (15.0.1+9) (build 15.0.1+9-18)
# Java VM: Java HotSpot(TM) 64-Bit Server VM (15.0.1+9-18, mixed mode, sharing, tiered, compressed oops, g1 gc, windows-amd64)
GC Precious Log:
 CPUs: 4 total, 4 available
 Memory: 7113M
 Large Page Support: Disabled
 NUMA Support: Disabled
 Compressed Oops: Enabled (32-bit)
 Heap Region Size: 1M
 Heap Min Capacity: 8M
 Heap Initial Capacity: 112M
 Heap Max Capacity: 1780M
 Pre-touch: Disabled
 Parallel Workers: 4
 Concurrent Workers: 1
 Concurrent Refinement Workers: 4
 Periodic GC: Disabled
Heap:
 garbage-first heap   total 558080K, used 114509K [0x0000000090c00000, 0x0000000100000000)
  region size 1024K, 5 young (5120K), 5 survivors (5120K)
 Metaspace       used 4338K, capacity 6790K, committed 6912K, reserved 1056768K
  class space    used 481K, capacity 754K, committed 768K, reserved 1048576K
GC Heap History (17 events):
Event: 0.613 GC heap before
{Heap before GC invocations=0 (full 0):
 garbage-first heap   total 114688K, used 12288K [0x0000000090c00000, 0x0000000100000000)
  region size 1024K, 13 young (13312K), 0 survivors (0K)
 Metaspace       used 3815K, capacity 6723K, committed 6912K, reserved 1056768K
  class space    used 440K, capacity 753K, committed 768K, reserved 1048576K
}
Event: 0.622 GC heap after
{Heap after GC invocations=1 (full 0):
 garbage-first heap   total 114688K, used 5208K [0x0000000090c00000, 0x0000000100000000)
  region size 1024K, 2 young (2048K), 2 survivors (2048K)
 Metaspace       used 3815K, capacity 6723K, committed 6912K, reserved 1056768K
  class space    used 440K, capacity 753K, committed 768K, reserved 1048576K
}
Event: 0.629 GC heap before
{Heap before GC invocations=1 (full 0):
 garbage-first heap   total 114688K, used 18520K [0x0000000090c00000, 0x0000000100000000)
  region size 1024K, 16 young (16384K), 2 survivors (2048K)
 Metaspace       used 3874K, capacity 6787K, committed 6912K, reserved 1056768K
  class space    used 443K, capacity 753K, committed 768K, reserved 1048576K
}
Event: 0.649 GC heap after
{Heap after GC invocations=2 (full 0):
 garbage-first heap   total 114688K, used 19270K [0x0000000090c00000, 0x0000000100000000)
  region size 1024K, 2 young (2048K), 2 survivors (2048K)
 Metaspace       used 3874K, capacity 6787K, committed 6912K, reserved 1056768K
  class space    used 443K, capacity 753K, committed 768K, reserved 1048576K
}
Event: 0.654 GC heap before
{Heap before GC invocations=2 (full 0):
 garbage-first heap   total 114688K, used 33606K [0x0000000090c00000, 0x0000000100000000)
  region size 1024K, 17 young (17408K), 2 survivors (2048K)
 Metaspace       used 3883K, capacity 6787K, committed 6912K, reserved 1056768K
  class space    used 444K, capacity 753K, committed 768K, reserved 1048576K
}
Event: 0.675 GC heap after
{Heap after GC invocations=3 (full 0):
 garbage-first heap   total 114688K, used 34583K [0x0000000090c00000, 0x0000000100000000)
  region size 1024K, 3 young (3072K), 3 survivors (3072K)
 Metaspace       used 3883K, capacity 6787K, committed 6912K, reserved 1056768K
  class space    used 444K, capacity 753K, committed 768K, reserved 1048576K
}
Event: 0.686 GC heap before
{Heap before GC invocations=3 (full 0):
 garbage-first heap   total 114688K, used 53015K [0x0000000090c00000, 0x0000000100000000)
  region size 1024K, 22 young (22528K), 3 survivors (3072K)
 Metaspace       used 3891K, capacity 6787K, committed 6912K, reserved 1056768K
  class space    used 446K, capacity 753K, committed 768K, reserved 1048576K
}
Event: 0.714 GC heap after
{Heap after GC invocations=4 (full 0):
 garbage-first heap   total 114688K, used 53835K [0x0000000090c00000, 0x0000000100000000)
  region size 1024K, 3 young (3072K), 3 survivors (3072K)
 Metaspace       used 3891K, capacity 6787K, committed 6912K, reserved 1056768K
  class space    used 446K, capacity 753K, committed 768K, reserved 1048576K
}
Event: 0.717 GC heap before
{Heap before GC invocations=4 (full 0):
 garbage-first heap   total 114688K, used 67147K [0x0000000090c00000, 0x0000000100000000)
  region size 1024K, 17 young (17408K), 3 survivors (3072K)
 Metaspace       used 3895K, capacity 6787K, committed 6912K, reserved 1056768K
  class space    used 447K, capacity 753K, committed 768K, reserved 1048576K
}
Event: 0.769 GC heap after
{Heap after GC invocations=5 (full 0):
 garbage-first heap   total 229376K, used 67905K [0x0000000090c00000, 0x0000000100000000)
  region size 1024K, 3 young (3072K), 3 survivors (3072K)
 Metaspace       used 3895K, capacity 6787K, committed 6912K, reserved 1056768K
  class space    used 447K, capacity 753K, committed 768K, reserved 1048576K
}
Event: 0.810 GC heap before
{Heap before GC invocations=5 (full 0):
 garbage-first heap   total 229376K, used 94529K [0x0000000090c00000, 0x0000000100000000)
  region size 1024K, 30 young (30720K), 3 survivors (3072K)
 Metaspace       used 3914K, capacity 6787K, committed 6912K, reserved 1056768K
  class space    used 450K, capacity 753K, committed 768K, reserved 1048576K
}
Event: 0.850 GC heap after
{Heap after GC invocations=6 (full 0):
 garbage-first heap   total 229376K, used 95349K [0x0000000090c00000, 0x0000000100000000)
  region size 1024K, 4 young (4096K), 4 survivors (4096K)
 Metaspace       used 3914K, capacity 6787K, committed 6912K, reserved 1056768K
  class space    used 450K, capacity 753K, committed 768K, reserved 1048576K
}
Event: 0.928 GC heap before
{Heap before GC invocations=6 (full 0):
 garbage-first heap   total 229376K, used 111733K [0x0000000090c00000, 0x0000000100000000)
  region size 1024K, 11 young (11264K), 4 survivors (4096K)
 Metaspace       used 4138K, capacity 6787K, committed 6912K, reserved 1056768K
  class space    used 469K, capacity 753K, committed 768K, reserved 1048576K
}
Event: 0.932 GC heap after
{Heap after GC invocations=7 (full 0):
 garbage-first heap   total 229376K, used 103815K [0x0000000090c00000, 0x0000000100000000)
  region size 1024K, 4 young (4096K), 4 survivors (4096K)
 Metaspace       used 4138K, capacity 6787K, committed 6912K, reserved 1056768K
  class space    used 469K, capacity 753K, committed 768K, reserved 1048576K
}
Event: 0.984 GC heap before
{Heap before GC invocations=8 (full 0):
 garbage-first heap   total 229376K, used 113031K [0x0000000090c00000, 0x0000000100000000)
  region size 1024K, 6 young (6144K), 4 survivors (4096K)
 Metaspace       used 4278K, capacity 6790K, committed 6912K, reserved 1056768K
  class space    used 480K, capacity 754K, committed 768K, reserved 1048576K
}
Event: 0.987 GC heap after
{Heap after GC invocations=9 (full 0):
 garbage-first heap   total 229376K, used 104881K [0x0000000090c00000, 0x0000000100000000)
  region size 1024K, 1 young (1024K), 1 survivors (1024K)
 Metaspace       used 4278K, capacity 6790K, committed 6912K, reserved 1056768K
  class space    used 480K, capacity 754K, committed 768K, reserved 1048576K
}
Event: 1.085 GC heap before
{Heap before GC invocations=10 (full 0):
 garbage-first heap   total 229376K, used 136625K [0x0000000090c00000, 0x0000000100000000)
  region size 1024K, 12 young (12288K), 1 survivors (1024K)
 Metaspace       used 4338K, capacity 6790K, committed 6912K, reserved 1056768K
  class space    used 481K, capacity 754K, committed 768K, reserved 1048576K
}

