# JRE version: Java(TM) SE Runtime Environment (15.0.1+9) (build 15.0.1+9-18)
# Java VM: Java HotSpot(TM) 64-Bit Server VM (15.0.1+9-18, mixed mode, sharing, tiered, compressed oops, g1 gc, windows-amd64)
GC Precious Log:
 CPUs: 4 total, 4 available
 Memory: 7113M
 Large Page Support: Disabled
 NUMA Support: Disabled
 Compressed Oops: Enabled (32-bit)
 Heap Region Size: 1M
 Heap Min Capacity: 8M
 Heap Initial Capacity: 112M
 Heap Max Capacity: 1780M
 Pre-touch: Disabled
 Parallel Workers: 4
 Concurrent Workers: 1
 Concurrent Refinement Workers: 4
 Periodic GC: Disabled
Heap:
 garbage-first heap   total 408576K, used 109133K [0x0000000090c00000, 0x0000000100000000)
  region size 1024K, 1 young (1024K), 1 survivors (1024K)
 Metaspace       used 4147K, capacity 6784K, committed 6912K, reserved 1056768K
  class space    used 468K, capacity 752K, committed 768K, reserved 1048576K
GC Heap History (17 events):
Event: 0.655 GC heap before
{Heap before GC invocations=0 (full 0):
 garbage-first heap   total 114688K, used 12288K [0x0000000090c00000, 0x0000000100000000)
  region size 1024K, 13 young (13312K), 0 survivors (0K)
 Metaspace       used 3803K, capacity 6720K, committed 6912K, reserved 1056768K
  class space    used 440K, capacity 752K, committed 768K, reserved 1048576K
}
Event: 0.663 GC heap after
{Heap after GC invocations=1 (full 0):
 garbage-first heap   total 114688K, used 4927K [0x0000000090c00000, 0x0000000100000000)
  region size 1024K, 2 young (2048K), 2 survivors (2048K)
 Metaspace       used 3803K, capacity 6720K, committed 6912K, reserved 1056768K
  class space    used 440K, capacity 752K, committed 768K, reserved 1048576K
}
Event: 0.668 GC heap before
{Heap before GC invocations=1 (full 0):
 garbage-first heap   total 114688K, used 18239K [0x0000000090c00000, 0x0000000100000000)
  region size 1024K, 16 young (16384K), 2 survivors (2048K)
 Metaspace       used 3855K, capacity 6784K, committed 6912K, reserved 1056768K
  class space    used 441K, capacity 752K, committed 768K, reserved 1048576K
}
Event: 0.682 GC heap after
{Heap after GC invocations=2 (full 0):
 garbage-first heap   total 114688K, used 19097K [0x0000000090c00000, 0x0000000100000000)
  region size 1024K, 2 young (2048K), 2 survivors (2048K)
 Metaspace       used 3855K, capacity 6784K, committed 6912K, reserved 1056768K
  class space    used 441K, capacity 752K, committed 768K, reserved 1048576K
}
Event: 0.688 GC heap before
{Heap before GC invocations=2 (full 0):
 garbage-first heap   total 114688K, used 33433K [0x0000000090c00000, 0x0000000100000000)
  region size 1024K, 17 young (17408K), 2 survivors (2048K)
 Metaspace       used 3861K, capacity 6784K, committed 6912K, reserved 1056768K
  class space    used 442K, capacity 752K, committed 768K, reserved 1048576K
}
Event: 0.702 GC heap after
{Heap after GC invocations=3 (full 0):
 garbage-first heap   total 114688K, used 34262K [0x0000000090c00000, 0x0000000100000000)
  region size 1024K, 3 young (3072K), 3 survivors (3072K)
 Metaspace       used 3861K, capacity 6784K, committed 6912K, reserved 1056768K
  class space    used 442K, capacity 752K, committed 768K, reserved 1048576K
}
Event: 0.708 GC heap before
{Heap before GC invocations=3 (full 0):
 garbage-first heap   total 114688K, used 53718K [0x0000000090c00000, 0x0000000100000000)
  region size 1024K, 23 young (23552K), 3 survivors (3072K)
 Metaspace       used 3868K, capacity 6784K, committed 6912K, reserved 1056768K
  class space    used 443K, capacity 752K, committed 768K, reserved 1048576K
}
Event: 0.725 GC heap after
{Heap after GC invocations=4 (full 0):
 garbage-first heap   total 114688K, used 54554K [0x0000000090c00000, 0x0000000100000000)
  region size 1024K, 3 young (3072K), 3 survivors (3072K)
 Metaspace       used 3868K, capacity 6784K, committed 6912K, reserved 1056768K
  class space    used 443K, capacity 752K, committed 768K, reserved 1048576K
}
Event: 0.729 GC heap before
{Heap before GC invocations=4 (full 0):
 garbage-first heap   total 114688K, used 67866K [0x0000000090c00000, 0x0000000100000000)
  region size 1024K, 17 young (17408K), 3 survivors (3072K)
 Metaspace       used 3872K, capacity 6784K, committed 6912K, reserved 1056768K
  class space    used 443K, capacity 752K, committed 768K, reserved 1048576K
}
Event: 0.744 GC heap after
{Heap after GC invocations=5 (full 0):
 garbage-first heap   total 204800K, used 68765K [0x0000000090c00000, 0x0000000100000000)
  region size 1024K, 3 young (3072K), 3 survivors (3072K)
 Metaspace       used 3872K, capacity 6784K, committed 6912K, reserved 1056768K
  class space    used 443K, capacity 752K, committed 768K, reserved 1048576K
}
Event: 0.797 GC heap before
{Heap before GC invocations=6 (full 0):
 garbage-first heap   total 204800K, used 96413K [0x0000000090c00000, 0x0000000100000000)
  region size 1024K, 31 young (31744K), 3 survivors (3072K)
 Metaspace       used 3913K, capacity 6784K, committed 6912K, reserved 1056768K
  class space    used 450K, capacity 752K, committed 768K, reserved 1048576K
}
Event: 0.818 GC heap after
{Heap after GC invocations=7 (full 0):
 garbage-first heap   total 204800K, used 96687K [0x0000000090c00000, 0x0000000100000000)
  region size 1024K, 4 young (4096K), 4 survivors (4096K)
 Metaspace       used 3913K, capacity 6784K, committed 6912K, reserved 1056768K
  class space    used 450K, capacity 752K, committed 768K, reserved 1048576K
}
Event: 0.842 GC heap before
{Heap before GC invocations=7 (full 0):
 garbage-first heap   total 204800K, used 111023K [0x0000000090c00000, 0x0000000100000000)
  region size 1024K, 20 young (20480K), 4 survivors (4096K)
 Metaspace       used 4100K, capacity 6784K, committed 6912K, reserved 1056768K
  class space    used 468K, capacity 752K, committed 768K, reserved 1048576K
}
Event: 0.846 GC heap after
{Heap after GC invocations=8 (full 0):
 garbage-first heap   total 204800K, used 104262K [0x0000000090c00000, 0x0000000100000000)
  region size 1024K, 4 young (4096K), 4 survivors (4096K)
 Metaspace       used 4100K, capacity 6784K, committed 6912K, reserved 1056768K
  class space    used 468K, capacity 752K, committed 768K, reserved 1048576K
}
Event: 0.876 GC heap before
{Heap before GC invocations=9 (full 0):
 garbage-first heap   total 204800K, used 110406K [0x0000000090c00000, 0x0000000100000000)
  region size 1024K, 5 young (5120K), 4 survivors (4096K)
 Metaspace       used 4114K, capacity 6784K, committed 6912K, reserved 1056768K
  class space    used 468K, capacity 752K, committed 768K, reserved 1048576K
}
Event: 0.878 GC heap after
{Heap after GC invocations=10 (full 0):
 garbage-first heap   total 204800K, used 107081K [0x0000000090c00000, 0x0000000100000000)
  region size 1024K, 1 young (1024K), 1 survivors (1024K)
 Metaspace       used 4114K, capacity 6784K, committed 6912K, reserved 1056768K
  class space    used 468K, capacity 752K, committed 768K, reserved 1048576K
}
Event: 0.911 GC heap before
{Heap before GC invocations=11 (full 0):
 garbage-first heap   total 204800K, used 112201K [0x0000000090c00000, 0x0000000100000000)
  region size 1024K, 2 young (2048K), 1 survivors (1024K)
 Metaspace       used 4147K, capacity 6784K, committed 6912K, reserved 1056768K
  class space    used 468K, capacity 752K, committed 768K, reserved 1048576K
}

