# JRE version: Java(TM) SE Runtime Environment (15.0.1+9) (build 15.0.1+9-18)
# Java VM: Java HotSpot(TM) 64-Bit Server VM (15.0.1+9-18, mixed mode, sharing, tiered, compressed oops, g1 gc, windows-amd64)
GC Precious Log:
 CPUs: 4 total, 4 available
 Memory: 7113M
 Large Page Support: Disabled
 NUMA Support: Disabled
 Compressed Oops: Enabled (32-bit)
 Heap Region Size: 1M
 Heap Min Capacity: 8M
 Heap Initial Capacity: 112M
 Heap Max Capacity: 1780M
 Pre-touch: Disabled
 Parallel Workers: 4
 Concurrent Workers: 1
 Concurrent Refinement Workers: 4
 Periodic GC: Disabled
Heap:
 garbage-first heap   total 423936K, used 114586K [0x0000000090c00000, 0x0000000100000000)
  region size 1024K, 1 young (1024K), 1 survivors (1024K)
 Metaspace       used 4159K, capacity 6784K, committed 6912K, reserved 1056768K
  class space    used 469K, capacity 752K, committed 768K, reserved 1048576K
GC Heap History (17 events):
Event: 0.647 GC heap before
{Heap before GC invocations=0 (full 0):
 garbage-first heap   total 114688K, used 12288K [0x0000000090c00000, 0x0000000100000000)
  region size 1024K, 13 young (13312K), 0 survivors (0K)
 Metaspace       used 3863K, capacity 6790K, committed 6912K, reserved 1056768K
  class space    used 443K, capacity 754K, committed 768K, reserved 1048576K
}
Event: 0.654 GC heap after
{Heap after GC invocations=1 (full 0):
 garbage-first heap   total 114688K, used 5084K [0x0000000090c00000, 0x0000000100000000)
  region size 1024K, 2 young (2048K), 2 survivors (2048K)
 Metaspace       used 3863K, capacity 6790K, committed 6912K, reserved 1056768K
  class space    used 443K, capacity 754K, committed 768K, reserved 1048576K
}
Event: 0.663 GC heap before
{Heap before GC invocations=1 (full 0):
 garbage-first heap   total 114688K, used 18396K [0x0000000090c00000, 0x0000000100000000)
  region size 1024K, 16 young (16384K), 2 survivors (2048K)
 Metaspace       used 3881K, capacity 6790K, committed 6912K, reserved 1056768K
  class space    used 444K, capacity 754K, committed 768K, reserved 1048576K
}
Event: 0.677 GC heap after
{Heap after GC invocations=2 (full 0):
 garbage-first heap   total 114688K, used 19222K [0x0000000090c00000, 0x0000000100000000)
  region size 1024K, 2 young (2048K), 2 survivors (2048K)
 Metaspace       used 3881K, capacity 6790K, committed 6912K, reserved 1056768K
  class space    used 444K, capacity 754K, committed 768K, reserved 1048576K
}
Event: 0.682 GC heap before
{Heap before GC invocations=2 (full 0):
 garbage-first heap   total 114688K, used 33558K [0x0000000090c00000, 0x0000000100000000)
  region size 1024K, 17 young (17408K), 2 survivors (2048K)
 Metaspace       used 3888K, capacity 6790K, committed 6912K, reserved 1056768K
  class space    used 445K, capacity 754K, committed 768K, reserved 1048576K
}
Event: 0.695 GC heap after
{Heap after GC invocations=3 (full 0):
 garbage-first heap   total 114688K, used 34519K [0x0000000090c00000, 0x0000000100000000)
  region size 1024K, 3 young (3072K), 3 survivors (3072K)
 Metaspace       used 3888K, capacity 6790K, committed 6912K, reserved 1056768K
  class space    used 445K, capacity 754K, committed 768K, reserved 1048576K
}
Event: 0.701 GC heap before
{Heap before GC invocations=3 (full 0):
 garbage-first heap   total 114688K, used 53975K [0x0000000090c00000, 0x0000000100000000)
  region size 1024K, 23 young (23552K), 3 survivors (3072K)
 Metaspace       used 3888K, capacity 6790K, committed 6912K, reserved 1056768K
  class space    used 445K, capacity 754K, committed 768K, reserved 1048576K
}
Event: 0.721 GC heap after
{Heap after GC invocations=4 (full 0):
 garbage-first heap   total 114688K, used 54945K [0x0000000090c00000, 0x0000000100000000)
  region size 1024K, 3 young (3072K), 3 survivors (3072K)
 Metaspace       used 3888K, capacity 6790K, committed 6912K, reserved 1056768K
  class space    used 445K, capacity 754K, committed 768K, reserved 1048576K
}
Event: 0.724 GC heap before
{Heap before GC invocations=4 (full 0):
 garbage-first heap   total 114688K, used 68257K [0x0000000090c00000, 0x0000000100000000)
  region size 1024K, 17 young (17408K), 3 survivors (3072K)
 Metaspace       used 3888K, capacity 6790K, committed 6912K, reserved 1056768K
  class space    used 445K, capacity 754K, committed 768K, reserved 1048576K
}
Event: 0.740 GC heap after
{Heap after GC invocations=5 (full 0):
 garbage-first heap   total 211968K, used 69241K [0x0000000090c00000, 0x0000000100000000)
  region size 1024K, 3 young (3072K), 3 survivors (3072K)
 Metaspace       used 3888K, capacity 6790K, committed 6912K, reserved 1056768K
  class space    used 445K, capacity 754K, committed 768K, reserved 1048576K
}
Event: 0.797 GC heap before
{Heap before GC invocations=6 (full 0):
 garbage-first heap   total 211968K, used 96889K [0x0000000090c00000, 0x0000000100000000)
  region size 1024K, 31 young (31744K), 3 survivors (3072K)
 Metaspace       used 3921K, capacity 6784K, committed 6912K, reserved 1056768K
  class space    used 451K, capacity 752K, committed 768K, reserved 1048576K
}
Event: 0.826 GC heap after
{Heap after GC invocations=7 (full 0):
 garbage-first heap   total 211968K, used 97476K [0x0000000090c00000, 0x0000000100000000)
  region size 1024K, 4 young (4096K), 4 survivors (4096K)
 Metaspace       used 3921K, capacity 6784K, committed 6912K, reserved 1056768K
  class space    used 451K, capacity 752K, committed 768K, reserved 1048576K
}
Event: 0.852 GC heap before
{Heap before GC invocations=7 (full 0):
 garbage-first heap   total 211968K, used 111812K [0x0000000090c00000, 0x0000000100000000)
  region size 1024K, 19 young (19456K), 4 survivors (4096K)
 Metaspace       used 4111K, capacity 6784K, committed 6912K, reserved 1056768K
  class space    used 469K, capacity 752K, committed 768K, reserved 1048576K
}
Event: 0.858 GC heap after
{Heap after GC invocations=8 (full 0):
 garbage-first heap   total 211968K, used 106379K [0x0000000090c00000, 0x0000000100000000)
  region size 1024K, 4 young (4096K), 4 survivors (4096K)
 Metaspace       used 4111K, capacity 6784K, committed 6912K, reserved 1056768K
  class space    used 469K, capacity 752K, committed 768K, reserved 1048576K
}
Event: 0.897 GC heap before
{Heap before GC invocations=9 (full 0):
 garbage-first heap   total 211968K, used 116619K [0x0000000090c00000, 0x0000000100000000)
  region size 1024K, 5 young (5120K), 4 survivors (4096K)
 Metaspace       used 4155K, capacity 6784K, committed 6912K, reserved 1056768K
  class space    used 469K, capacity 752K, committed 768K, reserved 1048576K
}
Event: 0.901 GC heap after
{Heap after GC invocations=10 (full 0):
 garbage-first heap   total 211968K, used 110486K [0x0000000090c00000, 0x0000000100000000)
  region size 1024K, 1 young (1024K), 1 survivors (1024K)
 Metaspace       used 4155K, capacity 6784K, committed 6912K, reserved 1056768K
  class space    used 469K, capacity 752K, committed 768K, reserved 1048576K
}
Event: 0.946 GC heap before
{Heap before GC invocations=11 (full 0):
 garbage-first heap   total 211968K, used 119702K [0x0000000090c00000, 0x0000000100000000)
  region size 1024K, 2 young (2048K), 1 survivors (1024K)
 Metaspace       used 4159K, capacity 6784K, committed 6912K, reserved 1056768K
  class space    used 469K, capacity 752K, committed 768K, reserved 1048576K
}

