# JRE version: Java(TM) SE Runtime Environment (15.0.1+9) (build 15.0.1+9-18)
# Java VM: Java HotSpot(TM) 64-Bit Server VM (15.0.1+9-18, mixed mode, sharing, tiered, compressed oops, g1 gc, windows-amd64)
GC Precious Log:
 CPUs: 4 total, 4 available
 Memory: 7113M
 Large Page Support: Disabled
 NUMA Support: Disabled
 Compressed Oops: Enabled (32-bit)
 Heap Region Size: 1M
 Heap Min Capacity: 8M
 Heap Initial Capacity: 112M
 Heap Max Capacity: 1780M
 Pre-touch: Disabled
 Parallel Workers: 4
 Concurrent Workers: 1
 Concurrent Refinement Workers: 4
 Periodic GC: Disabled
Heap:
 garbage-first heap   total 411648K, used 110191K [0x0000000090c00000, 0x0000000100000000)
  region size 1024K, 1 young (1024K), 1 survivors (1024K)
 Metaspace       used 4134K, capacity 6784K, committed 6912K, reserved 1056768K
  class space    used 468K, capacity 752K, committed 768K, reserved 1048576K
GC Heap History (17 events):
Event: 0.660 GC heap before
{Heap before GC invocations=0 (full 0):
 garbage-first heap   total 114688K, used 12288K [0x0000000090c00000, 0x0000000100000000)
  region size 1024K, 13 young (13312K), 0 survivors (0K)
 Metaspace       used 3850K, capacity 6787K, committed 6912K, reserved 1056768K
  class space    used 443K, capacity 753K, committed 768K, reserved 1048576K
}
Event: 0.668 GC heap after
{Heap after GC invocations=1 (full 0):
 garbage-first heap   total 114688K, used 5104K [0x0000000090c00000, 0x0000000100000000)
  region size 1024K, 2 young (2048K), 2 survivors (2048K)
 Metaspace       used 3850K, capacity 6787K, committed 6912K, reserved 1056768K
  class space    used 443K, capacity 753K, committed 768K, reserved 1048576K
}
Event: 0.673 GC heap before
{Heap before GC invocations=1 (full 0):
 garbage-first heap   total 114688K, used 18416K [0x0000000090c00000, 0x0000000100000000)
  region size 1024K, 16 young (16384K), 2 survivors (2048K)
 Metaspace       used 3858K, capacity 6787K, committed 6912K, reserved 1056768K
  class space    used 443K, capacity 753K, committed 768K, reserved 1048576K
}
Event: 0.687 GC heap after
{Heap after GC invocations=2 (full 0):
 garbage-first heap   total 114688K, used 19215K [0x0000000090c00000, 0x0000000100000000)
  region size 1024K, 2 young (2048K), 2 survivors (2048K)
 Metaspace       used 3858K, capacity 6787K, committed 6912K, reserved 1056768K
  class space    used 443K, capacity 753K, committed 768K, reserved 1048576K
}
Event: 0.690 GC heap before
{Heap before GC invocations=2 (full 0):
 garbage-first heap   total 114688K, used 33551K [0x0000000090c00000, 0x0000000100000000)
  region size 1024K, 17 young (17408K), 2 survivors (2048K)
 Metaspace       used 3858K, capacity 6787K, committed 6912K, reserved 1056768K
  class space    used 443K, capacity 753K, committed 768K, reserved 1048576K
}
Event: 0.703 GC heap after
{Heap after GC invocations=3 (full 0):
 garbage-first heap   total 114688K, used 34497K [0x0000000090c00000, 0x0000000100000000)
  region size 1024K, 3 young (3072K), 3 survivors (3072K)
 Metaspace       used 3858K, capacity 6787K, committed 6912K, reserved 1056768K
  class space    used 443K, capacity 753K, committed 768K, reserved 1048576K
}
Event: 0.709 GC heap before
{Heap before GC invocations=3 (full 0):
 garbage-first heap   total 114688K, used 53953K [0x0000000090c00000, 0x0000000100000000)
  region size 1024K, 23 young (23552K), 3 survivors (3072K)
 Metaspace       used 3858K, capacity 6787K, committed 6912K, reserved 1056768K
  class space    used 443K, capacity 753K, committed 768K, reserved 1048576K
}
Event: 0.727 GC heap after
{Heap after GC invocations=4 (full 0):
 garbage-first heap   total 114688K, used 54812K [0x0000000090c00000, 0x0000000100000000)
  region size 1024K, 3 young (3072K), 3 survivors (3072K)
 Metaspace       used 3858K, capacity 6787K, committed 6912K, reserved 1056768K
  class space    used 443K, capacity 753K, committed 768K, reserved 1048576K
}
Event: 0.730 GC heap before
{Heap before GC invocations=4 (full 0):
 garbage-first heap   total 114688K, used 68124K [0x0000000090c00000, 0x0000000100000000)
  region size 1024K, 17 young (17408K), 3 survivors (3072K)
 Metaspace       used 3858K, capacity 6787K, committed 6912K, reserved 1056768K
  class space    used 443K, capacity 753K, committed 768K, reserved 1048576K
}
Event: 0.744 GC heap after
{Heap after GC invocations=5 (full 0):
 garbage-first heap   total 205824K, used 69101K [0x0000000090c00000, 0x0000000100000000)
  region size 1024K, 3 young (3072K), 3 survivors (3072K)
 Metaspace       used 3858K, capacity 6787K, committed 6912K, reserved 1056768K
  class space    used 443K, capacity 753K, committed 768K, reserved 1048576K
}
Event: 0.803 GC heap before
{Heap before GC invocations=6 (full 0):
 garbage-first heap   total 205824K, used 96749K [0x0000000090c00000, 0x0000000100000000)
  region size 1024K, 31 young (31744K), 3 survivors (3072K)
 Metaspace       used 3896K, capacity 6784K, committed 6912K, reserved 1056768K
  class space    used 451K, capacity 752K, committed 768K, reserved 1048576K
}
Event: 0.825 GC heap after
{Heap after GC invocations=7 (full 0):
 garbage-first heap   total 205824K, used 97164K [0x0000000090c00000, 0x0000000100000000)
  region size 1024K, 4 young (4096K), 4 survivors (4096K)
 Metaspace       used 3896K, capacity 6784K, committed 6912K, reserved 1056768K
  class space    used 451K, capacity 752K, committed 768K, reserved 1048576K
}
Event: 0.851 GC heap before
{Heap before GC invocations=7 (full 0):
 garbage-first heap   total 205824K, used 111500K [0x0000000090c00000, 0x0000000100000000)
  region size 1024K, 20 young (20480K), 4 survivors (4096K)
 Metaspace       used 4083K, capacity 6784K, committed 6912K, reserved 1056768K
  class space    used 468K, capacity 752K, committed 768K, reserved 1048576K
}
Event: 0.856 GC heap after
{Heap after GC invocations=8 (full 0):
 garbage-first heap   total 205824K, used 105309K [0x0000000090c00000, 0x0000000100000000)
  region size 1024K, 4 young (4096K), 4 survivors (4096K)
 Metaspace       used 4083K, capacity 6784K, committed 6912K, reserved 1056768K
  class space    used 468K, capacity 752K, committed 768K, reserved 1048576K
}
Event: 0.889 GC heap before
{Heap before GC invocations=9 (full 0):
 garbage-first heap   total 205824K, used 111453K [0x0000000090c00000, 0x0000000100000000)
  region size 1024K, 5 young (5120K), 4 survivors (4096K)
 Metaspace       used 4098K, capacity 6784K, committed 6912K, reserved 1056768K
  class space    used 468K, capacity 752K, committed 768K, reserved 1048576K
}
Event: 0.891 GC heap after
{Heap after GC invocations=10 (full 0):
 garbage-first heap   total 205824K, used 108136K [0x0000000090c00000, 0x0000000100000000)
  region size 1024K, 1 young (1024K), 1 survivors (1024K)
 Metaspace       used 4098K, capacity 6784K, committed 6912K, reserved 1056768K
  class space    used 468K, capacity 752K, committed 768K, reserved 1048576K
}
Event: 0.927 GC heap before
{Heap before GC invocations=11 (full 0):
 garbage-first heap   total 205824K, used 113256K [0x0000000090c00000, 0x0000000100000000)
  region size 1024K, 2 young (2048K), 1 survivors (1024K)
 Metaspace       used 4134K, capacity 6784K, committed 6912K, reserved 1056768K
  class space    used 468K, capacity 752K, committed 768K, reserved 1048576K
}

